
Starting:    C:\Microsemi\Libero_v11.0\Synopsys\synplify_G201209MSP1\win64\mbin\synbatch.exe
Install:     C:\Microsemi\Libero_v11.0\Synopsys\synplify_G201209MSP1
Date:        Mon Nov 11 16:26:57 2013
Version:     G-2012.09M-SP1 

Arguments:   -product synplify_pro  -licensetype synplifypro_actel -batch -log synplify.log cont_servo_test_syn.tcl
ProductType: synplify_pro

License checkout: synplifypro_actel
License: synplifypro_actel node-locked 
Licensed Vendor: actel
License Option: actel_oem

Running in Vendor Mode



log file: "C:\Users\rwooster\Documents\cont_servo_test\synthesis\cont_servo_test.srr"


Running cont_servo_test_syn|synthesis

Running Compile on cont_servo_test_syn|synthesis

Running Compile Process on cont_servo_test_syn|synthesis

Running Compile Input on cont_servo_test_syn|synthesis

Copied C:\Users\rwooster\Documents\cont_servo_test\synthesis\synwork\cont_servo_test_compiler.srs to C:\Users\rwooster\Documents\cont_servo_test\synthesis\cont_servo_test.srs

compiler Completed with warnings
Return Code: 1
Run Time:0h:00m:02s


Job Compile Process completed on cont_servo_test_syn|synthesis

Running Premap on cont_servo_test_syn|synthesis

premap Completed
Return Code: 0
Run Time:0h:00m:00s


Job Compile completed on cont_servo_test_syn|synthesis

Running Map on cont_servo_test_syn|synthesis

Running Map & Optimize on cont_servo_test_syn|synthesis

fpga_mapper Completed with warnings
Return Code: 1
Run Time:0h:00m:02s


Job Map completed on cont_servo_test_syn|synthesis

Job Logic Synthesis completed on cont_servo_test_syn|synthesis

TCL script complete: "cont_servo_test_syn.tcl"

exit status=0


